<?xml version="1.0" encoding="UTF-8"?>
<!-- Generated by org.testng.reporters.JUnitReportReporter -->
<testsuite hostname="LAPTOP-N5U8LD2C" name="com.NewMaven.NewMaven.C" tests="1" failures="0" timestamp="5 Oct 2020 19:28:10 GMT" time="0.002" errors="0">
  <testcase name="cTest" time="0.002" classname="com.NewMaven.NewMaven.C"/>
</testsuite>
