<?xml version="1.0" encoding="UTF-8"?>
<!-- Generated by org.testng.reporters.JUnitReportReporter -->
<testsuite hostname="LAPTOP-N5U8LD2C" name="com.NewMaven.NewMaven.CssSelectorNew" tests="1" failures="0" timestamp="20 Sep 2020 16:58:17 GMT" time="9.270" errors="0">
  <testcase name="cssSelect" time="9.270" classname="com.NewMaven.NewMaven.CssSelectorNew"/>
</testsuite>
