<?xml version="1.0" encoding="UTF-8"?>
<!-- Generated by org.testng.reporters.JUnitReportReporter -->
<testsuite hostname="LAPTOP-N5U8LD2C" name="com.NewMaven.NewMaven.A" tests="1" failures="0" timestamp="5 Oct 2020 19:28:10 GMT" time="0.013" errors="0">
  <testcase name="aTest" time="0.013" classname="com.NewMaven.NewMaven.A"/>
</testsuite>
