<?xml version="1.0" encoding="UTF-8"?>
<!-- Generated by org.testng.reporters.JUnitReportReporter -->
<testsuite hostname="LAPTOP-N5U8LD2C" name="NewMaven.NewMaven.CssSelector" tests="1" failures="0" timestamp="20 Sep 2020 16:46:12 GMT" time="9.890" errors="0">
  <testcase name="cssSelect" time="9.890" classname="NewMaven.NewMaven.CssSelector"/>
</testsuite>
