<?xml version="1.0" encoding="UTF-8"?>
<!-- Generated by org.testng.reporters.JUnitReportReporter -->
<testsuite hostname="LAPTOP-N5U8LD2C" name="com.NewMaven.NewMaven.A" tests="1" failures="0" timestamp="17 Oct 2020 20:03:15 GMT" time="0.006" errors="0">
  <testcase name="aTest" time="0.006" classname="com.NewMaven.NewMaven.A"/>
</testsuite>
